#
# A fatal error has been detected by the Java Runtime Environment:
#
#  EXCEPTION_ACCESS_VIOLATION (0xc0000005) at pc=0x000000006aa3b62c, pid=3960, tid=7572
#
# JRE version: Java(TM) SE Runtime Environment (8.0_65-b17) (build 1.8.0_65-b17)
# Java VM: Java HotSpot(TM) 64-Bit Server VM (25.65-b01 mixed mode windows-amd64 compressed oops)
# Problematic frame:
# V  [jvm.dll+0xeb62c]
#
# Failed to write core dump. Minidumps are not enabled by default on client versions of Windows
#
# If you would like to submit a bug report, please visit:
#   http://bugreport.java.com/bugreport/crash.jsp
#

---------------  T H R E A D  ---------------

Current thread (0x000000001b718800):  JavaThread "Daemon worker Thread 15" [_thread_in_vm, id=7572, stack(0x0000000019370000,0x0000000019470000)]

siginfo: ExceptionCode=0xc0000005, reading address 0x000000015a26d968

Registers:
RAX=0x0000000000000011, RBX=0x0000000000000000, RCX=0x0000000000000011, RDX=0x0000000000000000
RSP=0x000000001946a588, RBP=0x00000000000007ff, RSI=0x00000000ee66d6e0, RDI=0x0000000000000010
R8 =0x0000000000000010, R9 =0x0000000000000010, R10=0x00000000ee66d6b8, R11=0x0000000000000000
R12=0x0000000000000000, R13=0x0000000000000011, R14=0x0000000019ecec20, R15=0x0000000019eceff8
RIP=0x000000006aa3b62c, EFLAGS=0x0000000000010297

Top of Stack: (sp=0x000000001946a588)
0x000000001946a588:   000000006abc9d48 000000001946a670
0x000000001946a598:   0000000000000000 000000001b718800
0x000000001946a5a8:   000000006a9cd50d 00000000ee66d6b8
0x000000001946a5b8:   000000006aa942d0 0000000000000010
0x000000001946a5c8:   00000000184f7000 000000001b718800
0x000000001946a5d8:   0000000002da2b5b 0000000000000000
0x000000001946a5e8:   000000006aa9351e 000000001b718800
0x000000001946a5f8:   0000000000000000 000000001b7189f8
0x000000001946a608:   000000006aa9336c 0000000000000010
0x000000001946a618:   000000001b7189f8 0000000000000000
0x000000001946a628:   000000001946a770 000000001946a670
0x000000001946a638:   000000006a921aee 00000000000003d8
0x000000001946a648:   00000000ee66d500 000000001946a780
0x000000001946a658:   0000000000000000 000000001946a670
0x000000001946a668:   000000006a9c7060 000000001946a750
0x000000001946a678:   0000000000000000 000000001b718800 

Instructions: (pc=0x000000006aa3b62c)
0x000000006aa3b60c:   cc cc cc cc 48 8b 89 30 01 00 00 e9 44 a3 f3 ff
0x000000006aa3b61c:   cc cc cc cc 48 89 5c 24 08 57 48 83 ec 20 48 8b
0x000000006aa3b62c:   f9 8b 0d 65 c0 6b 00 8b da ff 15 b5 7d 4e 00 44
0x000000006aa3b63c:   8b c3 48 8b d7 48 8b 88 30 01 00 00 48 8b 5c 24 


Register to memory mapping:

RAX=0x0000000000000011 is an unknown value
RBX=0x0000000000000000 is an unknown value
RCX=0x0000000000000011 is an unknown value
RDX=0x0000000000000000 is an unknown value
RSP=0x000000001946a588 is pointing into the stack for thread: 0x000000001b718800
RBP=0x00000000000007ff is an unknown value
RSI=0x00000000ee66d6e0 is an oop

[error occurred during error reporting (printing register info), id 0xc0000005]

Stack: [0x0000000019370000,0x0000000019470000],  sp=0x000000001946a588,  free space=1001k
Native frames: (J=compiled Java code, j=interpreted, Vv=VM code, C=native code)
V  [jvm.dll+0xeb62c]
C  0x00000000ee66d6b8

Java frames: (J=compiled Java code, j=interpreted, Vv=VM code)
J 1406  java.lang.Class.forName0(Ljava/lang/String;ZLjava/lang/ClassLoader;Ljava/lang/Class;)Ljava/lang/Class; (0 bytes) @ 0x0000000002b858c7 [0x0000000002b85840+0x87]
J 11714 C2 sun.reflect.generics.visitor.Reifier.visitClassTypeSignature(Lsun/reflect/generics/tree/ClassTypeSignature;)V (381 bytes) @ 0x0000000004aa59e0 [0x0000000004aa5640+0x3a0]
J 11717 C2 sun.reflect.generics.tree.ClassTypeSignature.accept(Lsun/reflect/generics/visitor/TypeTreeVisitor;)V (8 bytes) @ 0x0000000004a8ad28 [0x0000000004a8ace0+0x48]
J 11714 C2 sun.reflect.generics.visitor.Reifier.visitClassTypeSignature(Lsun/reflect/generics/tree/ClassTypeSignature;)V (381 bytes) @ 0x0000000004aa5af8 [0x0000000004aa5640+0x4b8]
J 11717 C2 sun.reflect.generics.tree.ClassTypeSignature.accept(Lsun/reflect/generics/visitor/TypeTreeVisitor;)V (8 bytes) @ 0x0000000004a8ad28 [0x0000000004a8ace0+0x48]
J 4323 C2 java.lang.reflect.Executable.sharedToGenericString(IZ)Ljava/lang/String; (329 bytes) @ 0x00000000036938c0 [0x00000000036930a0+0x820]
J 14214 C1 java.beans.MethodRef.find(Ljava/lang/Class;Ljava/lang/String;)Ljava/lang/reflect/Method; (62 bytes) @ 0x0000000004238344 [0x0000000004237a20+0x924]
J 14190 C1 java.beans.MethodRef.get()Ljava/lang/reflect/Method; (92 bytes) @ 0x0000000004606ecc [0x0000000004606a00+0x4cc]
J 14197 C1 java.beans.PropertyDescriptor.getWriteMethod()Ljava/lang/reflect/Method; (165 bytes) @ 0x00000000045d65d4 [0x00000000045d6400+0x1d4]
J 4395 C1 groovy.lang.MetaClassImpl.applyPropertyDescriptors([Ljava/beans/PropertyDescriptor;)V (151 bytes) @ 0x00000000036a34b4 [0x00000000036a1fc0+0x14f4]
J 6455 C1 groovy.lang.MetaClassImpl.setupProperties([Ljava/beans/PropertyDescriptor;)V (300 bytes) @ 0x0000000003b39fec [0x0000000003b373c0+0x2c2c]
j  groovy.lang.MetaClassImpl.addProperties()V+72
J 6452 C1 groovy.lang.MetaClassImpl.initialize()V (35 bytes) @ 0x0000000003b3509c [0x0000000003b34e40+0x25c]
J 14200 C2 org.codehaus.groovy.runtime.metaclass.MetaClassRegistryImpl.getMetaClass(Ljava/lang/Class;)Lgroovy/lang/MetaClass; (8 bytes) @ 0x00000000045ce2f0 [0x00000000045cdf00+0x3f0]
J 13994 C2 groovy.lang.MetaClassImpl.findPropertyInClassHierarchy(Ljava/lang/String;Lorg/codehaus/groovy/reflection/CachedClass;)Lgroovy/lang/MetaBeanProperty; (96 bytes) @ 0x0000000005251db8 [0x0000000005251b80+0x238]
J 13994 C2 groovy.lang.MetaClassImpl.findPropertyInClassHierarchy(Ljava/lang/String;Lorg/codehaus/groovy/reflection/CachedClass;)Lgroovy/lang/MetaBeanProperty; (96 bytes) @ 0x0000000005251fe0 [0x0000000005251b80+0x460]
j  groovy.lang.MetaClassImpl.findPropertyInClassHierarchy(Ljava/lang/String;Lorg/codehaus/groovy/reflection/CachedClass;)Lgroovy/lang/MetaBeanProperty;+69
j  groovy.lang.MetaClassImpl.getMetaProperty(Ljava/lang/String;)Lgroovy/lang/MetaProperty;+100
j  groovy.lang.MetaClassImpl.hasProperty(Ljava/lang/Object;Ljava/lang/String;)Lgroovy/lang/MetaProperty;+2
J 10472 C2 org.gradle.api.internal.CompositeDynamicObject.getProperty(Ljava/lang/String;)Ljava/lang/Object; (128 bytes) @ 0x000000000427770c [0x0000000004277600+0x10c]
j  org.gradle.api.tasks.Delete_Decorated.getProperty(Ljava/lang/String;)Ljava/lang/Object;+5
J 5147 C1 org.codehaus.groovy.runtime.InvokerHelper.getProperty(Ljava/lang/Object;Ljava/lang/String;)Ljava/lang/Object; (75 bytes) @ 0x000000000310c10c [0x000000000310ab80+0x158c]
J 6563 C1 groovy.lang.Closure.getPropertyTryThese(Ljava/lang/String;Ljava/lang/Object;Ljava/lang/Object;)Ljava/lang/Object; (60 bytes) @ 0x0000000002f3f474 [0x0000000002f3f3e0+0x94]
J 6562 C1 groovy.lang.Closure.getProperty(Ljava/lang/String;)Ljava/lang/Object; (204 bytes) @ 0x0000000003b95634 [0x0000000003b941c0+0x1474]
J 10471 C2 org.codehaus.groovy.runtime.callsite.PogoGetPropertySite.getProperty(Ljava/lang/Object;)Ljava/lang/Object; (20 bytes) @ 0x0000000003125dd0 [0x0000000003125d60+0x70]
J 5296 C1 org.codehaus.groovy.runtime.callsite.AbstractCallSite.callGroovyObjectGetProperty(Ljava/lang/Object;)Ljava/lang/Object; (33 bytes) @ 0x000000000393f344 [0x000000000393f100+0x244]
j  build_8gpggzvwkbut93rafbmzrxail$_run_closure2.doCall(Ljava/lang/Object;)Ljava/lang/Object;+18
v  ~StubRoutines::call_stub
J 2240  sun.reflect.NativeMethodAccessorImpl.invoke0(Ljava/lang/reflect/Method;Ljava/lang/Object;[Ljava/lang/Object;)Ljava/lang/Object; (0 bytes) @ 0x0000000002f7363f [0x0000000002f735c0+0x7f]
J 7829 C2 sun.reflect.NativeMethodAccessorImpl.invoke(Ljava/lang/Object;[Ljava/lang/Object;)Ljava/lang/Object; (104 bytes) @ 0x0000000004059a50 [0x00000000040599e0+0x70]
J 7893 C2 groovy.lang.MetaMethod.doMethodInvoke(Ljava/lang/Object;[Ljava/lang/Object;)Ljava/lang/Object; (22 bytes) @ 0x000000000409802c [0x0000000004097e60+0x1cc]
J 5246 C1 org.codehaus.groovy.runtime.metaclass.ClosureMetaClass.invokeMethod(Ljava/lang/Class;Ljava/lang/Object;Ljava/lang/String;[Ljava/lang/Object;ZZ)Ljava/lang/Object; (894 bytes) @ 0x00000000039107b4 [0x000000000390c6c0+0x40f4]
J 5130 C1 groovy.lang.MetaClassImpl.invokeMethod(Ljava/lang/Object;Ljava/lang/String;[Ljava/lang/Object;)Ljava/lang/Object; (14 bytes) @ 0x000000000285e66c [0x000000000285e540+0x12c]
J 5250 C1 groovy.lang.Closure.call([Ljava/lang/Object;)Ljava/lang/Object; (30 bytes) @ 0x0000000003915c54 [0x0000000003915820+0x434]
J 5251 C1 groovy.lang.Closure.call(Ljava/lang/Object;)Ljava/lang/Object; (13 bytes) @ 0x0000000003916bac [0x0000000003916900+0x2ac]
J 11687 C1 org.gradle.api.internal.ClosureBackedAction.execute(Ljava/lang/Object;)V (133 bytes) @ 0x00000000037982a4 [0x0000000003797b40+0x764]
J 12412 C1 org.gradle.util.ConfigureUtil.configure(Lgroovy/lang/Closure;Ljava/lang/Object;IZ)Ljava/lang/Object; (20 bytes) @ 0x00000000032e3df4 [0x00000000032e3c80+0x174]
j  org.gradle.util.ConfigureUtil.configure(Lgroovy/lang/Closure;Ljava/lang/Object;Z)Ljava/lang/Object;+4
j  org.gradle.api.internal.AbstractTask.configure(Lgroovy/lang/Closure;)Lorg/gradle/api/Task;+3
j  org.gradle.api.internal.project.AbstractProject.task(Ljava/util/Map;Ljava/lang/String;Lgroovy/lang/Closure;)Lorg/gradle/api/Task;+21
j  sun.reflect.GeneratedMethodAccessor500.invoke(Ljava/lang/Object;[Ljava/lang/Object;)Ljava/lang/Object;+56
J 7893 C2 groovy.lang.MetaMethod.doMethodInvoke(Ljava/lang/Object;[Ljava/lang/Object;)Ljava/lang/Object; (22 bytes) @ 0x000000000409802c [0x0000000004097e60+0x1cc]
J 5144 C1 groovy.lang.MetaClassImpl.invokeMethod(Ljava/lang/Class;Ljava/lang/Object;Ljava/lang/String;[Ljava/lang/Object;ZZ)Ljava/lang/Object; (1093 bytes) @ 0x00000000030ff25c [0x00000000030f9f20+0x533c]
J 5130 C1 groovy.lang.MetaClassImpl.invokeMethod(Ljava/lang/Object;Ljava/lang/String;[Ljava/lang/Object;)Ljava/lang/Object; (14 bytes) @ 0x000000000285e66c [0x000000000285e540+0x12c]
j  org.gradle.api.internal.BeanDynamicObject$MetaClassAdapter.invokeMethod(Ljava/lang/String;[Ljava/lang/Object;)Ljava/lang/Object;+16
J 13995 C1 org.gradle.api.internal.BeanDynamicObject.invokeMethod(Ljava/lang/String;[Ljava/lang/Object;)Ljava/lang/Object; (82 bytes) @ 0x0000000004181ec4 [0x0000000004181da0+0x124]
j  org.gradle.api.internal.CompositeDynamicObject.invokeMethod(Ljava/lang/String;[Ljava/lang/Object;)Ljava/lang/Object;+41
j  org.gradle.groovy.scripts.BasicScript.methodMissing(Ljava/lang/String;Ljava/lang/Object;)Ljava/lang/Object;+12
v  ~StubRoutines::call_stub
J 2240  sun.reflect.NativeMethodAccessorImpl.invoke0(Ljava/lang/reflect/Method;Ljava/lang/Object;[Ljava/lang/Object;)Ljava/lang/Object; (0 bytes) @ 0x0000000002f7363f [0x0000000002f735c0+0x7f]
J 7829 C2 sun.reflect.NativeMethodAccessorImpl.invoke(Ljava/lang/Object;[Ljava/lang/Object;)Ljava/lang/Object; (104 bytes) @ 0x0000000004059a50 [0x00000000040599e0+0x70]
J 5856 C2 org.codehaus.groovy.reflection.CachedMethod.invoke(Ljava/lang/Object;[Ljava/lang/Object;)Ljava/lang/Object; (70 bytes) @ 0x0000000003274cc8 [0x0000000003274c40+0x88]
j  groovy.lang.MetaClassImpl.invokeMissingMethod(Ljava/lang/Object;Ljava/lang/String;[Ljava/lang/Object;Ljava/lang/RuntimeException;Z)Ljava/lang/Object;+184
j  groovy.lang.MetaClassImpl.invokePropertyOrMissing(Ljava/lang/Object;Ljava/lang/String;[Ljava/lang/Object;ZZ)Ljava/lang/Object;+153
J 5144 C1 groovy.lang.MetaClassImpl.invokeMethod(Ljava/lang/Class;Ljava/lang/Object;Ljava/lang/String;[Ljava/lang/Object;ZZ)Ljava/lang/Object; (1093 bytes) @ 0x00000000030ff2bc [0x00000000030f9f20+0x539c]
J 5130 C1 groovy.lang.MetaClassImpl.invokeMethod(Ljava/lang/Object;Ljava/lang/String;[Ljava/lang/Object;)Ljava/lang/Object; (14 bytes) @ 0x000000000285e66c [0x000000000285e540+0x12c]
J 10407 C1 org.codehaus.groovy.runtime.callsite.PogoMetaClassSite.callCurrent(Lgroovy/lang/GroovyObject;[Ljava/lang/Object;)Ljava/lang/Object; (92 bytes) @ 0x0000000003e44974 [0x0000000003e44500+0x474]
j  org.codehaus.groovy.runtime.callsite.CallSiteArray.defaultCallCurrent(Lorg/codehaus/groovy/runtime/callsite/CallSite;Lgroovy/lang/GroovyObject;[Ljava/lang/Object;)Ljava/lang/Object;+17
j  org.codehaus.groovy.runtime.callsite.AbstractCallSite.callCurrent(Lgroovy/lang/GroovyObject;[Ljava/lang/Object;)Ljava/lang/Object;+3
j  org.codehaus.groovy.runtime.callsite.AbstractCallSite.callCurrent(Lgroovy/lang/GroovyObject;Ljava/lang/Object;Ljava/lang/Object;Ljava/lang/Object;)Ljava/lang/Object;+42
j  build_8gpggzvwkbut93rafbmzrxail.run()Ljava/lang/Object;+57
j  org.gradle.groovy.scripts.internal.DefaultScriptRunnerFactory$ScriptRunnerImpl.run(Ljava/lang/Object;Lorg/gradle/internal/service/ServiceRegistry;)V+60
j  org.gradle.configuration.DefaultScriptPluginFactory$ScriptPluginImpl$1.run()V+12
j  org.gradle.configuration.ProjectScriptTarget.addConfiguration(Ljava/lang/Runnable;Z)V+18
j  org.gradle.configuration.DefaultScriptPluginFactory$ScriptPluginImpl.apply(Ljava/lang/Object;)V+512
j  org.gradle.configuration.project.BuildScriptProcessor.execute(Lorg/gradle/api/internal/project/ProjectInternal;)V+80
j  org.gradle.configuration.project.BuildScriptProcessor.execute(Ljava/lang/Object;)V+5
j  org.gradle.configuration.project.ConfigureActionsProjectEvaluator.evaluate(Lorg/gradle/api/internal/project/ProjectInternal;Lorg/gradle/api/internal/project/ProjectStateInternal;)V+33
j  org.gradle.configuration.project.LifecycleProjectEvaluator.evaluate(Lorg/gradle/api/internal/project/ProjectInternal;Lorg/gradle/api/internal/project/ProjectStateInternal;)V+54
j  org.gradle.api.internal.project.AbstractProject.evaluate()Lorg/gradle/api/internal/project/AbstractProject;+9
j  org.gradle.api.internal.project.AbstractProject.evaluate()Lorg/gradle/api/Project;+1
j  org.gradle.execution.TaskPathProjectEvaluator.configure(Lorg/gradle/api/internal/project/ProjectInternal;)V+21
j  org.gradle.configuration.DefaultBuildConfigurer.configure(Lorg/gradle/api/internal/GradleInternal;)V+32
j  org.gradle.initialization.DefaultGradleLauncher$2.run()V+14
J 12713 C2 org.gradle.internal.Factories$1.create()Ljava/lang/Object; (11 bytes) @ 0x0000000004c77f44 [0x0000000004c77f00+0x44]
j  org.gradle.internal.progress.DefaultBuildOperationExecutor.run(Lorg/gradle/internal/progress/BuildOperationDetails;Lorg/gradle/internal/Factory;)Ljava/lang/Object;+171
j  org.gradle.internal.progress.DefaultBuildOperationExecutor.run(Ljava/lang/String;Ljava/lang/Runnable;)V+12
j  org.gradle.initialization.DefaultGradleLauncher.doBuildStages(Lorg/gradle/initialization/DefaultGradleLauncher$Stage;)V+39
j  org.gradle.initialization.DefaultGradleLauncher.access$200(Lorg/gradle/initialization/DefaultGradleLauncher;Lorg/gradle/initialization/DefaultGradleLauncher$Stage;)V+2
j  org.gradle.initialization.DefaultGradleLauncher$1.create()Lorg/gradle/BuildResult;+29
j  org.gradle.initialization.DefaultGradleLauncher$1.create()Ljava/lang/Object;+1
j  org.gradle.internal.progress.DefaultBuildOperationExecutor.run(Lorg/gradle/internal/progress/BuildOperationDetails;Lorg/gradle/internal/Factory;)Ljava/lang/Object;+171
j  org.gradle.internal.progress.DefaultBuildOperationExecutor.run(Ljava/lang/String;Lorg/gradle/internal/Factory;)Ljava/lang/Object;+9
j  org.gradle.initialization.DefaultGradleLauncher.doBuild(Lorg/gradle/initialization/DefaultGradleLauncher$Stage;)Lorg/gradle/BuildResult;+25
j  org.gradle.initialization.DefaultGradleLauncher.run()Lorg/gradle/BuildResult;+4
j  org.gradle.launcher.exec.InProcessBuildActionExecuter$DefaultBuildController.run()Lorg/gradle/api/internal/GradleInternal;+4
j  org.gradle.tooling.internal.provider.runner.BuildModelActionRunner.run(Lorg/gradle/internal/invocation/BuildAction;Lorg/gradle/internal/invocation/BuildController;)V+29
j  org.gradle.launcher.exec.ChainingBuildActionRunner.run(Lorg/gradle/internal/invocation/BuildAction;Lorg/gradle/internal/invocation/BuildController;)V+34
j  org.gradle.tooling.internal.provider.runner.SubscribableBuildActionRunner.run(Lorg/gradle/internal/invocation/BuildAction;Lorg/gradle/internal/invocation/BuildController;)V+37
j  org.gradle.launcher.exec.ChainingBuildActionRunner.run(Lorg/gradle/internal/invocation/BuildAction;Lorg/gradle/internal/invocation/BuildController;)V+34
j  org.gradle.launcher.exec.InProcessBuildActionExecuter.execute(Lorg/gradle/internal/invocation/BuildAction;Lorg/gradle/initialization/BuildRequestContext;Lorg/gradle/launcher/exec/BuildActionParameters;Lorg/gradle/internal/service/ServiceRegistry;)Ljava/lang/Object;+63
j  org.gradle.launcher.exec.InProcessBuildActionExecuter.execute(Lorg/gradle/internal/invocation/BuildAction;Lorg/gradle/initialization/BuildRequestContext;Ljava/lang/Object;Lorg/gradle/internal/service/ServiceRegistry;)Ljava/lang/Object;+9
j  org.gradle.launcher.exec.ContinuousBuildActionExecuter.execute(Lorg/gradle/internal/invocation/BuildAction;Lorg/gradle/initialization/BuildRequestContext;Lorg/gradle/launcher/exec/BuildActionParameters;Lorg/gradle/internal/service/ServiceRegistry;)Ljava/lang/Object;+70
j  org.gradle.launcher.exec.ContinuousBuildActionExecuter.execute(Lorg/gradle/internal/invocation/BuildAction;Lorg/gradle/initialization/BuildRequestContext;Ljava/lang/Object;Lorg/gradle/internal/service/ServiceRegistry;)Ljava/lang/Object;+9
j  org.gradle.launcher.daemon.server.exec.ExecuteBuild.doBuild(Lorg/gradle/launcher/daemon/server/api/DaemonCommandExecution;Lorg/gradle/launcher/daemon/protocol/Build;)V+74
j  org.gradle.launcher.daemon.server.exec.BuildCommandOnly.execute(Lorg/gradle/launcher/daemon/server/api/DaemonCommandExecution;)V+49
j  org.gradle.launcher.daemon.server.api.DaemonCommandExecution.proceed()Z+28
j  org.gradle.launcher.daemon.server.exec.WatchForDisconnection.execute(Lorg/gradle/launcher/daemon/server/api/DaemonCommandExecution;)V+19
j  org.gradle.launcher.daemon.server.api.DaemonCommandExecution.proceed()Z+28
j  org.gradle.launcher.daemon.server.exec.ResetDeprecationLogger.execute(Lorg/gradle/launcher/daemon/server/api/DaemonCommandExecution;)V+4
j  org.gradle.launcher.daemon.server.api.DaemonCommandExecution.proceed()Z+28
j  org.gradle.launcher.daemon.server.exec.RequestStopIfSingleUsedDaemon.execute(Lorg/gradle/launcher/daemon/server/api/DaemonCommandExecution;)V+31
j  org.gradle.launcher.daemon.server.api.DaemonCommandExecution.proceed()Z+28
j  org.gradle.launcher.daemon.server.exec.ForwardClientInput$2.call()Ljava/lang/Void;+4
j  org.gradle.launcher.daemon.server.exec.ForwardClientInput$2.call()Ljava/lang/Object;+1
j  org.gradle.util.Swapper.swap(Ljava/lang/Object;Ljava/util/concurrent/Callable;)Ljava/lang/Object;+21
j  org.gradle.launcher.daemon.server.exec.ForwardClientInput.execute(Lorg/gradle/launcher/daemon/server/api/DaemonCommandExecution;)V+63
j  org.gradle.launcher.daemon.server.api.DaemonCommandExecution.proceed()Z+28
j  org.gradle.launcher.daemon.server.health.DaemonHealthTracker.execute(Lorg/gradle/launcher/daemon/server/api/DaemonCommandExecution;)V+35
j  org.gradle.launcher.daemon.server.api.DaemonCommandExecution.proceed()Z+28
j  org.gradle.launcher.daemon.server.exec.LogToClient.doBuild(Lorg/gradle/launcher/daemon/server/api/DaemonCommandExecution;Lorg/gradle/launcher/daemon/protocol/Build;)V+106
j  org.gradle.launcher.daemon.server.exec.BuildCommandOnly.execute(Lorg/gradle/launcher/daemon/server/api/DaemonCommandExecution;)V+49
j  org.gradle.launcher.daemon.server.api.DaemonCommandExecution.proceed()Z+28
j  org.gradle.launcher.daemon.server.exec.EstablishBuildEnvironment.doBuild(Lorg/gradle/launcher/daemon/server/api/DaemonCommandExecution;Lorg/gradle/launcher/daemon/protocol/Build;)V+243
j  org.gradle.launcher.daemon.server.exec.BuildCommandOnly.execute(Lorg/gradle/launcher/daemon/server/api/DaemonCommandExecution;)V+49
j  org.gradle.launcher.daemon.server.api.DaemonCommandExecution.proceed()Z+28
j  org.gradle.launcher.daemon.server.health.HintGCAfterBuild.execute(Lorg/gradle/launcher/daemon/server/api/DaemonCommandExecution;)V+1
j  org.gradle.launcher.daemon.server.api.DaemonCommandExecution.proceed()Z+28
j  org.gradle.launcher.daemon.server.exec.StartBuildOrRespondWithBusy$1.run()V+44
j  org.gradle.launcher.daemon.server.DaemonStateCoordinator$1.run()V+4
j  org.gradle.internal.concurrent.ExecutorPolicy$CatchAndRecordFailures.onExecute(Ljava/lang/Runnable;)V+1
j  org.gradle.internal.concurrent.StoppableExecutorImpl$1.run()V+25
j  java.util.concurrent.ThreadPoolExecutor.runWorker(Ljava/util/concurrent/ThreadPoolExecutor$Worker;)V+95
j  java.util.concurrent.ThreadPoolExecutor$Worker.run()V+5
J 14144 C1 java.lang.Thread.run()V (17 bytes) @ 0x0000000004d39584 [0x0000000004d39440+0x144]
v  ~StubRoutines::call_stub

---------------  P R O C E S S  ---------------

Java Threads: ( => current thread )
  0x000000001b71a000 JavaThread "Stdin handler" [_thread_blocked, id=2652, stack(0x0000000019470000,0x0000000019570000)]
=>0x000000001b718800 JavaThread "Daemon worker Thread 15" [_thread_in_vm, id=7572, stack(0x0000000019370000,0x0000000019470000)]
  0x000000001b714000 JavaThread "Cancel handler" [_thread_blocked, id=7480, stack(0x0000000019270000,0x0000000019370000)]
  0x000000001b716000 JavaThread "Handler for socket connection from /127.0.0.1:63665 to /127.0.0.1:52998" [_thread_in_native, id=4836, stack(0x0000000019170000,0x0000000019270000)]
  0x000000001b710000 JavaThread "Daemon Thread 15" [_thread_blocked, id=7200, stack(0x0000000019070000,0x0000000019170000)]
  0x000000001a5ec000 JavaThread "File lock request listener" [_thread_in_native, id=5056, stack(0x000000001bb10000,0x000000001bc10000)]
  0x00000000177d2000 JavaThread "Incoming local TCP Connector on port 63665" [_thread_in_native, id=3348, stack(0x0000000018980000,0x0000000018a80000)]
  0x000000001682b800 JavaThread "Service Thread" daemon [_thread_blocked, id=5288, stack(0x0000000016c00000,0x0000000016d00000)]
  0x0000000014e1a000 JavaThread "C1 CompilerThread2" daemon [_thread_blocked, id=6544, stack(0x0000000016700000,0x0000000016800000)]
  0x0000000014e0f800 JavaThread "C2 CompilerThread1" daemon [_thread_blocked, id=3524, stack(0x0000000016600000,0x0000000016700000)]
  0x0000000014dc9800 JavaThread "C2 CompilerThread0" daemon [_thread_blocked, id=3128, stack(0x0000000016500000,0x0000000016600000)]
  0x0000000014dc8800 JavaThread "Attach Listener" daemon [_thread_blocked, id=6776, stack(0x0000000016400000,0x0000000016500000)]
  0x0000000014dc7000 JavaThread "Signal Dispatcher" daemon [_thread_blocked, id=7868, stack(0x0000000016300000,0x0000000016400000)]
  0x0000000002658000 JavaThread "Finalizer" daemon [_thread_blocked, id=6680, stack(0x0000000016010000,0x0000000016110000)]
  0x000000000264e000 JavaThread "Reference Handler" daemon [_thread_blocked, id=7840, stack(0x0000000015f10000,0x0000000016010000)]
  0x00000000026ee000 JavaThread "main" [_thread_blocked, id=7476, stack(0x0000000002430000,0x0000000002530000)]

Other Threads:
  0x0000000014d87800 VMThread [stack: 0x0000000015e10000,0x0000000015f10000] [id=7612]
  0x0000000016820000 WatcherThread [stack: 0x0000000016d00000,0x0000000016e00000] [id=2724]

VM state:not at safepoint (normal execution)

VM Mutex/Monitor currently owned by a thread: None

Heap:
 PSYoungGen      total 86528K, used 60981K [0x00000000eab00000, 0x00000000f1f00000, 0x0000000100000000)
  eden space 84992K, 71% used [0x00000000eab00000,0x00000000ee68d540,0x00000000efe00000)
  from space 1536K, 0% used [0x00000000efe00000,0x00000000efe00000,0x00000000eff80000)
  to   space 16896K, 0% used [0x00000000f0e80000,0x00000000f0e80000,0x00000000f1f00000)
 ParOldGen       total 75776K, used 39295K [0x00000000c0000000, 0x00000000c4a00000, 0x00000000eab00000)
  object space 75776K, 51% used [0x00000000c0000000,0x00000000c265fc70,0x00000000c4a00000)
 Metaspace       used 57431K, capacity 61226K, committed 62720K, reserved 1103872K
  class space    used 7460K, capacity 7936K, committed 8448K, reserved 1048576K

Card table byte_map: [0x0000000011ab0000,0x0000000011cc0000] byte_map_base: 0x00000000114b0000

Marking Bits: (ParMarkBitMap*) 0x000000006b15a5b0
 Begin Bits: [0x0000000012220000, 0x0000000013220000)
 End Bits:   [0x0000000013220000, 0x0000000014220000)

Polling page: 0x0000000000c50000

CodeCache: size=245760Kb used=44547Kb max_used=44567Kb free=201213Kb
 bounds [0x00000000026f0000, 0x00000000052d0000, 0x00000000116f0000]
 total_blobs=11885 nmethods=11165 adapters=630
 compilation: enabled

Compilation events (10 events):
Event: 6726.878 Thread 0x0000000014e1a000 14214       3       java.beans.MethodRef::find (62 bytes)
Event: 6726.879 Thread 0x0000000014e1a000 nmethod 14214 0x0000000004237810 code [0x0000000004237a20, 0x00000000042386c8]
Event: 6726.880 Thread 0x0000000014e1a000 14215       3       java.util.regex.Matcher::appendTail (19 bytes)
Event: 6726.881 Thread 0x0000000014e1a000 nmethod 14215 0x0000000002af78d0 code [0x0000000002af7a60, 0x0000000002af8038]
Event: 6726.882 Thread 0x0000000014e0f800 14216       4       java.lang.reflect.Type::getTypeName (5 bytes)
Event: 6726.882 Thread 0x0000000014e0f800 nmethod 14216 0x0000000002fdaf90 code [0x0000000002fdb0c0, 0x0000000002fdb138]
Event: 6726.883 Thread 0x0000000014e1a000 14217       3       sun.reflect.generics.tree.Wildcard::make (10 bytes)
Event: 6726.883 Thread 0x0000000014e1a000 nmethod 14217 0x00000000037eb8d0 code [0x00000000037eba40, 0x00000000037ebcb0]
Event: 6726.883 Thread 0x0000000014e1a000 14218       3       sun.reflect.generics.tree.Wildcard::<init> (15 bytes)
Event: 6726.883 Thread 0x0000000014e1a000 nmethod 14218 0x0000000003d14d50 code [0x0000000003d14ea0, 0x0000000003d15070]

GC Heap History (10 events):
Event: 4993.783 GC heap before
{Heap before GC invocations=52 (full 13):
 PSYoungGen      total 103424K, used 79068K [0x00000000eab00000, 0x00000000f2380000, 0x0000000100000000)
  eden space 87552K, 79% used [0x00000000eab00000,0x00000000eeec5598,0x00000000f0080000)
  from space 15872K, 60% used [0x00000000f1400000,0x00000000f1d71d20,0x00000000f2380000)
  to   space 17920K, 0% used [0x00000000f0080000,0x00000000f0080000,0x00000000f1200000)
 ParOldGen       total 75776K, used 41945K [0x00000000c0000000, 0x00000000c4a00000, 0x00000000eab00000)
  object space 75776K, 55% used [0x00000000c0000000,0x00000000c28f66c8,0x00000000c4a00000)
 Metaspace       used 57394K, capacity 60928K, committed 61184K, reserved 1101824K
  class space    used 7476K, capacity 7978K, committed 8192K, reserved 1048576K
Event: 4993.786 GC heap after
Heap after GC invocations=52 (full 13):
 PSYoungGen      total 89088K, used 1439K [0x00000000eab00000, 0x00000000f2280000, 0x0000000100000000)
  eden space 87552K, 0% used [0x00000000eab00000,0x00000000eab00000,0x00000000f0080000)
  from space 1536K, 93% used [0x00000000f0080000,0x00000000f01e7c50,0x00000000f0200000)
  to   space 17408K, 0% used [0x00000000f1180000,0x00000000f1180000,0x00000000f2280000)
 ParOldGen       total 75776K, used 41953K [0x00000000c0000000, 0x00000000c4a00000, 0x00000000eab00000)
  object space 75776K, 55% used [0x00000000c0000000,0x00000000c28f86c8,0x00000000c4a00000)
 Metaspace       used 57394K, capacity 60928K, committed 61184K, reserved 1101824K
  class space    used 7476K, capacity 7978K, committed 8192K, reserved 1048576K
}
Event: 4993.786 GC heap before
{Heap before GC invocations=53 (full 14):
 PSYoungGen      total 89088K, used 1439K [0x00000000eab00000, 0x00000000f2280000, 0x0000000100000000)
  eden space 87552K, 0% used [0x00000000eab00000,0x00000000eab00000,0x00000000f0080000)
  from space 1536K, 93% used [0x00000000f0080000,0x00000000f01e7c50,0x00000000f0200000)
  to   space 17408K, 0% used [0x00000000f1180000,0x00000000f1180000,0x00000000f2280000)
 ParOldGen       total 75776K, used 41953K [0x00000000c0000000, 0x00000000c4a00000, 0x00000000eab00000)
  object space 75776K, 55% used [0x00000000c0000000,0x00000000c28f86c8,0x00000000c4a00000)
 Metaspace       used 57394K, capacity 60928K, committed 61184K, reserved 1101824K
  class space    used 7476K, capacity 7978K, committed 8192K, reserved 1048576K
Event: 4994.001 GC heap after
Heap after GC invocations=53 (full 14):
 PSYoungGen      total 89088K, used 0K [0x00000000eab00000, 0x00000000f2280000, 0x0000000100000000)
  eden space 87552K, 0% used [0x00000000eab00000,0x00000000eab00000,0x00000000f0080000)
  from space 1536K, 0% used [0x00000000f0080000,0x00000000f0080000,0x00000000f0200000)
  to   space 17408K, 0% used [0x00000000f1180000,0x00000000f1180000,0x00000000f2280000)
 ParOldGen       total 75776K, used 42846K [0x00000000c0000000, 0x00000000c4a00000, 0x00000000eab00000)
  object space 75776K, 56% used [0x00000000c0000000,0x00000000c29d7b18,0x00000000c4a00000)
 Metaspace       used 57394K, capacity 60928K, committed 61184K, reserved 1101824K
  class space    used 7476K, capacity 7978K, committed 8192K, reserved 1048576K
}
Event: 6298.934 GC heap before
{Heap before GC invocations=54 (full 14):
 PSYoungGen      total 89088K, used 87552K [0x00000000eab00000, 0x00000000f2280000, 0x0000000100000000)
  eden space 87552K, 100% used [0x00000000eab00000,0x00000000f0080000,0x00000000f0080000)
  from space 1536K, 0% used [0x00000000f0080000,0x00000000f0080000,0x00000000f0200000)
  to   space 17408K, 0% used [0x00000000f1180000,0x00000000f1180000,0x00000000f2280000)
 ParOldGen       total 75776K, used 42846K [0x00000000c0000000, 0x00000000c4a00000, 0x00000000eab00000)
  object space 75776K, 56% used [0x00000000c0000000,0x00000000c29d7b18,0x00000000c4a00000)
 Metaspace       used 57955K, capacity 62140K, committed 62464K, reserved 1103872K
  class space    used 7580K, capacity 8161K, committed 8448K, reserved 1048576K
Event: 6298.948 GC heap after
Heap after GC invocations=54 (full 14):
 PSYoungGen      total 99840K, used 8957K [0x00000000eab00000, 0x00000000f2000000, 0x0000000100000000)
  eden space 84992K, 0% used [0x00000000eab00000,0x00000000eab00000,0x00000000efe00000)
  from space 14848K, 60% used [0x00000000f1180000,0x00000000f1a3f6f0,0x00000000f2000000)
  to   space 17408K, 0% used [0x00000000efe00000,0x00000000efe00000,0x00000000f0f00000)
 ParOldGen       total 75776K, used 42854K [0x00000000c0000000, 0x00000000c4a00000, 0x00000000eab00000)
  object space 75776K, 56% used [0x00000000c0000000,0x00000000c29d9b18,0x00000000c4a00000)
 Metaspace       used 57955K, capacity 62140K, committed 62464K, reserved 1103872K
  class space    used 7580K, capacity 8161K, committed 8448K, reserved 1048576K
}
Event: 6304.188 GC heap before
{Heap before GC invocations=55 (full 14):
 PSYoungGen      total 99840K, used 80883K [0x00000000eab00000, 0x00000000f2000000, 0x0000000100000000)
  eden space 84992K, 84% used [0x00000000eab00000,0x00000000ef13d6e0,0x00000000efe00000)
  from space 14848K, 60% used [0x00000000f1180000,0x00000000f1a3f6f0,0x00000000f2000000)
  to   space 17408K, 0% used [0x00000000efe00000,0x00000000efe00000,0x00000000f0f00000)
 ParOldGen       total 75776K, used 42854K [0x00000000c0000000, 0x00000000c4a00000, 0x00000000eab00000)
  object space 75776K, 56% used [0x00000000c0000000,0x00000000c29d9b18,0x00000000c4a00000)
 Metaspace       used 57983K, capacity 62158K, committed 62464K, reserved 1103872K
  class space    used 7582K, capacity 8164K, committed 8448K, reserved 1048576K
Event: 6304.192 GC heap after
Heap after GC invocations=55 (full 14):
 PSYoungGen      total 86528K, used 1519K [0x00000000eab00000, 0x00000000f1f00000, 0x0000000100000000)
  eden space 84992K, 0% used [0x00000000eab00000,0x00000000eab00000,0x00000000efe00000)
  from space 1536K, 98% used [0x00000000efe00000,0x00000000eff7bc60,0x00000000eff80000)
  to   space 16896K, 0% used [0x00000000f0e80000,0x00000000f0e80000,0x00000000f1f00000)
 ParOldGen       total 75776K, used 42854K [0x00000000c0000000, 0x00000000c4a00000, 0x00000000eab00000)
  object space 75776K, 56% used [0x00000000c0000000,0x00000000c29d9b18,0x00000000c4a00000)
 Metaspace       used 57983K, capacity 62158K, committed 62464K, reserved 1103872K
  class space    used 7582K, capacity 8164K, committed 8448K, reserved 1048576K
}
Event: 6304.192 GC heap before
{Heap before GC invocations=56 (full 15):
 PSYoungGen      total 86528K, used 1519K [0x00000000eab00000, 0x00000000f1f00000, 0x0000000100000000)
  eden space 84992K, 0% used [0x00000000eab00000,0x00000000eab00000,0x00000000efe00000)
  from space 1536K, 98% used [0x00000000efe00000,0x00000000eff7bc60,0x00000000eff80000)
  to   space 16896K, 0% used [0x00000000f0e80000,0x00000000f0e80000,0x00000000f1f00000)
 ParOldGen       total 75776K, used 42854K [0x00000000c0000000, 0x00000000c4a00000, 0x00000000eab00000)
  object space 75776K, 56% used [0x00000000c0000000,0x00000000c29d9b18,0x00000000c4a00000)
 Metaspace       used 57983K, capacity 62158K, committed 62464K, reserved 1103872K
  class space    used 7582K, capacity 8164K, committed 8448K, reserved 1048576K
Event: 6304.504 GC heap after
Heap after GC invocations=56 (full 15):
 PSYoungGen      total 86528K, used 0K [0x00000000eab00000, 0x00000000f1f00000, 0x0000000100000000)
  eden space 84992K, 0% used [0x00000000eab00000,0x00000000eab00000,0x00000000efe00000)
  from space 1536K, 0% used [0x00000000efe00000,0x00000000efe00000,0x00000000eff80000)
  to   space 16896K, 0% used [0x00000000f0e80000,0x00000000f0e80000,0x00000000f1f00000)
 ParOldGen       total 75776K, used 39295K [0x00000000c0000000, 0x00000000c4a00000, 0x00000000eab00000)
  object space 75776K, 51% used [0x00000000c0000000,0x00000000c265fc70,0x00000000c4a00000)
 Metaspace       used 57264K, capacity 60924K, committed 62464K, reserved 1103872K
  class space    used 7432K, capacity 7891K, committed 8448K, reserved 1048576K
}

Deoptimization events (10 events):
Event: 6726.587 Thread 0x000000001b718800 Uncommon trap: reason=unstable_if action=reinterpret pc=0x00000000038e659c method=java.lang.Class.privateGetPublicMethods()[Ljava/lang/reflect/Method; @ 112
Event: 6726.587 Thread 0x000000001b718800 Uncommon trap: reason=unstable_if action=reinterpret pc=0x00000000030429d4 method=java.lang.ref.SoftReference.get()Ljava/lang/Object; @ 6
Event: 6726.587 Thread 0x000000001b718800 Uncommon trap: reason=unstable_if action=reinterpret pc=0x0000000003651a40 method=java.lang.ref.SoftReference.get()Ljava/lang/Object; @ 6
Event: 6726.596 Thread 0x000000001b718800 Uncommon trap: reason=unstable_if action=reinterpret pc=0x000000000314cf58 method=java.lang.ref.SoftReference.get()Ljava/lang/Object; @ 6
Event: 6726.611 Thread 0x000000001b718800 Uncommon trap: reason=null_check action=make_not_entrant pc=0x00000000032a2cd4 method=org.codehaus.groovy.reflection.ClassInfo.getWeakMetaClass()Lgroovy/lang/MetaClass; @ 17
Event: 6726.642 Thread 0x000000001b718800 Uncommon trap: reason=unstable_if action=reinterpret pc=0x00000000039f568c method=java.lang.ref.SoftReference.get()Ljava/lang/Object; @ 6
Event: 6726.644 Thread 0x000000001b718800 Uncommon trap: reason=unstable_if action=reinterpret pc=0x0000000003f0718c method=java.lang.ref.SoftReference.get()Ljava/lang/Object; @ 6
Event: 6726.873 Thread 0x000000001b718800 Uncommon trap: reason=unstable_if action=reinterpret pc=0x000000000310e888 method=java.lang.ref.SoftReference.get()Ljava/lang/Object; @ 6
Event: 6726.873 Thread 0x000000001b718800 Uncommon trap: reason=null_check action=make_not_entrant pc=0x000000000491fd2c method=java.lang.Class.reflectionData()Ljava/lang/Class$ReflectionData; @ 24
Event: 6726.874 Thread 0x000000001b718800 Uncommon trap: reason=unstable_if action=reinterpret pc=0x00000000030d2d04 method=java.lang.ref.SoftReference.get()Ljava/lang/Object; @ 6

Internal exceptions (10 events):
Event: 6726.487 Thread 0x000000001b718800 Exception <a 'java/lang/NoSuchMethodError': <clinit>> (0x00000000eaef8b18) thrown at [C:\workspace\8-2-build-windows-amd64-cygwin\jdk8u65\4987\hotspot\src\share\vm\prims\jni.cpp, line 1591]
Event: 6726.493 Thread 0x000000001b718800 Implicit null exception at 0x000000000500406c to 0x00000000050077e1
Event: 6726.586 Thread 0x000000001b718800 Implicit null exception at 0x0000000003420403 to 0x000000000342096d
Event: 6726.587 Thread 0x000000001b718800 Implicit null exception at 0x00000000034b7841 to 0x00000000034b8225
Event: 6726.587 Thread 0x000000001b718800 Implicit null exception at 0x0000000003042363 to 0x00000000030429c1
Event: 6726.587 Thread 0x000000001b718800 Implicit null exception at 0x0000000003651041 to 0x0000000003651a25
Event: 6726.593 Thread 0x000000001b718800 Exception <a 'java/lang/ClassNotFoundException': asLocalRepo126_7ukp88ym5obxa7ia129llc6vfBeanInfo> (0x00000000eb118df8) thrown at [C:\workspace\8-2-build-windows-amd64-cygwin\jdk8u65\4987\hotspot\src\share\vm\classfile\systemDictionary.cpp, line 210]
Event: 6726.593 Thread 0x000000001b718800 Exception <a 'java/lang/ClassNotFoundException': asLocalRepo126_7ukp88ym5obxa7ia129llc6vfCustomizer> (0x00000000eb1223b0) thrown at [C:\workspace\8-2-build-windows-amd64-cygwin\jdk8u65\4987\hotspot\src\share\vm\classfile\systemDictionary.cpp, line 210]
Event: 6726.873 Thread 0x000000001b718800 Implicit null exception at 0x000000000310d2a2 to 0x000000000310e859
Event: 6726.873 Thread 0x000000001b718800 Implicit null exception at 0x000000000491ec44 to 0x000000000491fd1d

Events (10 events):
Event: 6726.874 Thread 0x000000001b718800 DEOPT PACKING pc=0x00000000030d2d04 sp=0x000000001946b360
Event: 6726.874 Thread 0x000000001b718800 DEOPT UNPACKING pc=0x000000000273582a sp=0x000000001946b118 mode 2
Event: 6726.874 loading class groovy/runtime/metaclass/org/gradle/api/tasks/DeleteMetaClass
Event: 6726.874 loading class groovy/runtime/metaclass/org/gradle/api/tasks/DeleteMetaClass done
Event: 6726.880 loading class groovy/runtime/metaclass/org/gradle/api/internal/ConventionTaskMetaClass
Event: 6726.880 loading class groovy/runtime/metaclass/org/gradle/api/internal/ConventionTaskMetaClass done
Event: 6726.881 loading class groovy/runtime/metaclass/org/gradle/api/DefaultTaskMetaClass
Event: 6726.881 loading class groovy/runtime/metaclass/org/gradle/api/DefaultTaskMetaClass done
Event: 6726.883 loading class groovy/runtime/metaclass/org/gradle/api/internal/AbstractTaskMetaClass
Event: 6726.883 loading class groovy/runtime/metaclass/org/gradle/api/internal/AbstractTaskMetaClass done


Dynamic libraries:
0x00007ff7ddd70000 - 0x00007ff7ddda7000 	C:\Program Files\Java\jdk1.8.0_65\bin\java.exe
0x00007ffcf7c60000 - 0x00007ffcf7e0c000 	C:\Windows\SYSTEM32\ntdll.dll
0x00007ffcf6fd0000 - 0x00007ffcf710e000 	C:\Windows\system32\KERNEL32.DLL
0x00007ffcf51c0000 - 0x00007ffcf52d5000 	C:\Windows\system32\KERNELBASE.dll
0x00007ffcf37a0000 - 0x00007ffcf382e000 	C:\Windows\system32\apphelp.dll
0x00007ffced9a0000 - 0x00007ffced9f3000 	C:\Windows\AppPatch\AppPatch64\AcGenral.DLL
0x00007ffcf7440000 - 0x00007ffcf74ea000 	C:\Windows\system32\msvcrt.dll
0x00007ffcf4b70000 - 0x00007ffcf4b9e000 	C:\Windows\SYSTEM32\SspiCli.dll
0x00007ffcf6970000 - 0x00007ffcf69c4000 	C:\Windows\system32\SHLWAPI.dll
0x00007ffcf7920000 - 0x00007ffcf7a97000 	C:\Windows\system32\USER32.dll
0x00007ffcf6a40000 - 0x00007ffcf6bd4000 	C:\Windows\system32\ole32.dll
0x00007ffcf53e0000 - 0x00007ffcf690b000 	C:\Windows\system32\SHELL32.dll
0x00007ffcf4350000 - 0x00007ffcf4371000 	C:\Windows\SYSTEM32\USERENV.dll
0x00007ffcf7790000 - 0x00007ffcf783a000 	C:\Windows\system32\ADVAPI32.dll
0x00007ffcf03c0000 - 0x00007ffcf03de000 	C:\Windows\SYSTEM32\MPR.dll
0x00007ffcf6bf0000 - 0x00007ffcf6d31000 	C:\Windows\system32\RPCRT4.dll
0x00007ffcf7730000 - 0x00007ffcf7789000 	C:\Windows\SYSTEM32\sechost.dll
0x00007ffcf74f0000 - 0x00007ffcf7701000 	C:\Windows\SYSTEM32\combase.dll
0x00007ffcf7110000 - 0x00007ffcf7260000 	C:\Windows\system32\GDI32.dll
0x00007ffcf4db0000 - 0x00007ffcf4dc5000 	C:\Windows\SYSTEM32\profapi.dll
0x00007ffcf2eb0000 - 0x00007ffcf2f62000 	C:\Windows\SYSTEM32\SHCORE.dll
0x00007ffcf52e0000 - 0x00007ffcf5316000 	C:\Windows\system32\IMM32.DLL
0x00007ffcf7aa0000 - 0x00007ffcf7bf2000 	C:\Windows\system32\MSCTF.dll
0x00007ffcf27e0000 - 0x00007ffcf2a5b000 	C:\Windows\WinSxS\amd64_microsoft.windows.common-controls_6595b64144ccf1df_6.0.9600.18006_none_623f33d3ecbe86e8\COMCTL32.dll
0x000000006b310000 - 0x000000006b3e2000 	C:\Program Files\Java\jdk1.8.0_65\jre\bin\msvcr100.dll
0x000000006a950000 - 0x000000006b1d9000 	C:\Program Files\Java\jdk1.8.0_65\jre\bin\server\jvm.dll
0x00007ffceb050000 - 0x00007ffceb059000 	C:\Windows\SYSTEM32\WSOCK32.dll
0x00007ffcea4e0000 - 0x00007ffcea502000 	C:\Windows\SYSTEM32\WINMM.dll
0x00007ffcee540000 - 0x00007ffcee54a000 	C:\Windows\SYSTEM32\VERSION.dll
0x00007ffcf6ef0000 - 0x00007ffcf6ef7000 	C:\Windows\system32\PSAPI.DLL
0x00007ffcf6910000 - 0x00007ffcf696a000 	C:\Windows\system32\WS2_32.dll
0x00007ffcea400000 - 0x00007ffcea42a000 	C:\Windows\SYSTEM32\WINMMBASE.dll
0x00007ffcf7840000 - 0x00007ffcf7849000 	C:\Windows\system32\NSI.dll
0x00007ffcf5170000 - 0x00007ffcf51bf000 	C:\Windows\SYSTEM32\cfgmgr32.dll
0x00007ffcf3bb0000 - 0x00007ffcf3bd8000 	C:\Windows\SYSTEM32\DEVOBJ.dll
0x000000006c330000 - 0x000000006c33f000 	C:\Program Files\Java\jdk1.8.0_65\jre\bin\verify.dll
0x000000006a920000 - 0x000000006a949000 	C:\Program Files\Java\jdk1.8.0_65\jre\bin\java.dll
0x000000006a900000 - 0x000000006a916000 	C:\Program Files\Java\jdk1.8.0_65\jre\bin\zip.dll
0x000000006b710000 - 0x000000006b72a000 	C:\Program Files\Java\jdk1.8.0_65\jre\bin\net.dll
0x00007ffcf45c0000 - 0x00007ffcf4619000 	C:\Windows\system32\mswsock.dll
0x000000006b6f0000 - 0x000000006b701000 	C:\Program Files\Java\jdk1.8.0_65\jre\bin\nio.dll
0x00007ffcf2b10000 - 0x00007ffcf2b22000 	C:\Users\kashish nalwa\.gradle\native\19\windows-amd64\native-platform.dll
0x00007ffcef5b0000 - 0x00007ffcef5da000 	C:\Windows\SYSTEM32\IPHLPAPI.DLL
0x00007ffcef580000 - 0x00007ffcef58a000 	C:\Windows\SYSTEM32\WINNSI.DLL
0x00007ffcef040000 - 0x00007ffcef056000 	C:\Windows\SYSTEM32\dhcpcsvc6.DLL
0x00007ffcef250000 - 0x00007ffcef26a000 	C:\Windows\SYSTEM32\dhcpcsvc.DLL
0x00007ffcf4620000 - 0x00007ffcf4640000 	C:\Windows\SYSTEM32\CRYPTSP.dll
0x00007ffcf4230000 - 0x00007ffcf4266000 	C:\Windows\system32\rsaenh.dll
0x00007ffcf4870000 - 0x00007ffcf4896000 	C:\Windows\SYSTEM32\bcrypt.dll
0x00007ffcf4bb0000 - 0x00007ffcf4c13000 	C:\Windows\system32\bcryptprimitives.dll
0x00007ffcf4c20000 - 0x00007ffcf4c2b000 	C:\Windows\SYSTEM32\CRYPTBASE.dll
0x000000006b4f0000 - 0x000000006b4fd000 	C:\Program Files\Java\jdk1.8.0_65\jre\bin\management.dll
0x00007ffce9950000 - 0x00007ffce9ad9000 	C:\Windows\SYSTEM32\dbghelp.dll

VM Arguments:
jvm_args: -XX:MaxPermSize=256m -XX:+HeapDumpOnOutOfMemoryError -Xmx1024m -Dfile.encoding=windows-1252 -Duser.country=IN -Duser.language=en -Duser.variant 
java_command: org.gradle.launcher.daemon.bootstrap.GradleDaemon 2.8
java_class_path (initial): C:\Program Files\Android\Android Studio\gradle\gradle-2.8\lib\gradle-launcher-2.8.jar
Launcher Type: SUN_STANDARD

Environment Variables:
PATH=C:\Program Files (x86)\Intel\iCLS Client\;C:\Program Files\Intel\iCLS Client\;C:\Windows\system32;C:\Windows;C:\Windows\System32\Wbem;C:\Windows\System32\WindowsPowerShell\v1.0\;C:\Program Files\Intel\Intel(R) Management Engine Components\DAL;C:\Program Files (x86)\Intel\Intel(R) Management Engine Components\DAL;C:\Program Files\Intel\Intel(R) Management Engine Components\IPT;C:\Program Files (x86)\Intel\Intel(R) Management Engine Components\IPT;C:\Program Files\Java\jre1.8.0_65\bin
USERNAME=kashish nalwa
OS=Windows_NT
PROCESSOR_IDENTIFIER=Intel64 Family 6 Model 61 Stepping 4, GenuineIntel



---------------  S Y S T E M  ---------------

OS: Windows 8.1 , 64 bit Build 9600 (6.3.9600.17415)

CPU:total 4 (2 cores per cpu, 2 threads per core) family 6 model 61 stepping 4, cmov, cx8, fxsr, mmx, sse, sse2, sse3, ssse3, sse4.1, sse4.2, popcnt, avx, avx2, aes, clmul, erms, 3dnowpref, lzcnt, ht, tsc, tscinvbit, bmi1, bmi2, adx

Memory: 4k page, physical 8286316k(3275900k free), swap 16674924k(11040196k free)

vm_info: Java HotSpot(TM) 64-Bit Server VM (25.65-b01) for windows-amd64 JRE (1.8.0_65-b17), built on Oct  6 2015 16:39:20 by "java_re" with MS VC++ 10.0 (VS2010)

time: Mon Feb 15 11:45:13 2016
elapsed time: 6726 seconds (0d 1h 52m 6s)

